The system is: Linux - 2.6.32-5-686 - i686
Compiling the C compiler identification source file "CMakeCCompilerId.c" succeeded.
Compiler: /usr/bin/ccache /opt/ecos/gnutools/arm-eabi/bin/arm-eabi-gcc
Build flags: -mcpu=cortex-m3;-mthumb;-I$(ECOS_LIBRARY_PATH)/include;-Wl,--gc-sections;-Wl,-static;-Wl,-n;-g;-nostdlib;-fmessage-length=0;-Wall;-DDEBUG
Id flags: 

The output was:
0
/opt/ecos/gnutools/arm-eabi/bin/../lib/gcc/arm-eabi/4.3.2/../../../../arm-eabi/bin/ld: warning: cannot find entry symbol _start; defaulting to 00008000


Compilation of the C compiler identification source "CMakeCCompilerId.c" produced "a.out"

Compiling the C compiler identification source file "CMakeCCompilerId.c" succeeded.
Compiler: /usr/bin/ccache /opt/ecos/gnutools/arm-eabi/bin/arm-eabi-gcc
Build flags: -mcpu=cortex-m3;-mthumb;-I$(ECOS_LIBRARY_PATH)/include;-Wl,--gc-sections;-Wl,-static;-Wl,-n;-g;-nostdlib;-fmessage-length=0;-Wall;-DDEBUG
Id flags: -c

The output was:
0


Compilation of the C compiler identification source "CMakeCCompilerId.c" produced "CMakeCCompilerId.o"

The C compiler identification is GNU, found in "/home/benty/workspace/Projects/ProdExpl/1.0.x/build/Debug_PECU/CMakeFiles/CompilerIdC/CMakeCCompilerId.o"

Compiling the CXX compiler identification source file "CMakeCXXCompilerId.cpp" succeeded.
Compiler: /usr/bin/ccache /opt/ecos/gnutools/arm-eabi/bin/arm-eabi-g++
Build flags: -mcpu=cortex-m3;-mthumb;-I$(ECOS_LIBRARY_PATH)/include;-Wl,--gc-sections;-Wl,-static;-Wl,-n;-g;-nostdlib;;;-fmessage-length=0;-Wall;-Wno-sign-compare;-DDEBUG
Id flags: 

The output was:
0
/opt/ecos/gnutools/arm-eabi/bin/../lib/gcc/arm-eabi/4.3.2/../../../../arm-eabi/bin/ld: warning: cannot find entry symbol _start; defaulting to 00008000


Compilation of the CXX compiler identification source "CMakeCXXCompilerId.cpp" produced "a.out"

Compiling the CXX compiler identification source file "CMakeCXXCompilerId.cpp" succeeded.
Compiler: /usr/bin/ccache /opt/ecos/gnutools/arm-eabi/bin/arm-eabi-g++
Build flags: -mcpu=cortex-m3;-mthumb;-I$(ECOS_LIBRARY_PATH)/include;-Wl,--gc-sections;-Wl,-static;-Wl,-n;-g;-nostdlib;;;-fmessage-length=0;-Wall;-Wno-sign-compare;-DDEBUG
Id flags: -c

The output was:
0


Compilation of the CXX compiler identification source "CMakeCXXCompilerId.cpp" produced "CMakeCXXCompilerId.o"

The CXX compiler identification is GNU, found in "/home/benty/workspace/Projects/ProdExpl/1.0.x/build/Debug_PECU/CMakeFiles/CompilerIdCXX/CMakeCXXCompilerId.o"

Determining if the C compiler works passed with the following output:
Change Dir: /home/benty/workspace/Projects/ProdExpl/1.0.x/build/Debug_PECU/CMakeFiles/CMakeTmp

Run Build Command:/usr/bin/make "cmTryCompileExec/fast"
/usr/bin/make -f CMakeFiles/cmTryCompileExec.dir/build.make CMakeFiles/cmTryCompileExec.dir/build
make[1]: Entering directory `/home/benty/workspace/Projects/ProdExpl/1.0.x/build/Debug_PECU/CMakeFiles/CMakeTmp'
/usr/local/bin/cmake -E cmake_progress_report /home/benty/workspace/Projects/ProdExpl/1.0.x/build/Debug_PECU/CMakeFiles/CMakeTmp/CMakeFiles 1
Building C object CMakeFiles/cmTryCompileExec.dir/testCCompiler.c.o
/usr/bin/ccache /opt/ecos/gnutools/arm-eabi/bin/arm-eabi-gcc  -mcpu=cortex-m3 -mthumb -I/include -Wl,--gc-sections -Wl,-static -Wl,-n -g -nostdlib -fmessage-length=0 -Wall -DDEBUG     -o CMakeFiles/cmTryCompileExec.dir/testCCompiler.c.o   -c /home/benty/workspace/Projects/ProdExpl/1.0.x/build/Debug_PECU/CMakeFiles/CMakeTmp/testCCompiler.c
Linking C executable cmTryCompileExec
/usr/local/bin/cmake -E cmake_link_script CMakeFiles/cmTryCompileExec.dir/link.txt --verbose=1
/usr/bin/ccache /opt/ecos/gnutools/arm-eabi/bin/arm-eabi-gcc  -mcpu=cortex-m3 -mthumb -I$(ECOS_LIBRARY_PATH)/include -Wl,--gc-sections -Wl,-static -Wl,-n -g -nostdlib -fmessage-length=0 -Wall -DDEBUG      CMakeFiles/cmTryCompileExec.dir/testCCompiler.c.o  -o cmTryCompileExec -rdynamic 
arm-eabi-gcc: unrecognized option '-rdynamic'
/opt/ecos/gnutools/arm-eabi/bin/../lib/gcc/arm-eabi/4.3.2/../../../../arm-eabi/bin/ld: warning: cannot find entry symbol _start; defaulting to 00008000
make[1]: Leaving directory `/home/benty/workspace/Projects/ProdExpl/1.0.x/build/Debug_PECU/CMakeFiles/CMakeTmp'


Detecting C compiler ABI info compiled with the following output:
Change Dir: /home/benty/workspace/Projects/ProdExpl/1.0.x/build/Debug_PECU/CMakeFiles/CMakeTmp

Run Build Command:/usr/bin/make "cmTryCompileExec/fast"
/usr/bin/make -f CMakeFiles/cmTryCompileExec.dir/build.make CMakeFiles/cmTryCompileExec.dir/build
make[1]: Entering directory `/home/benty/workspace/Projects/ProdExpl/1.0.x/build/Debug_PECU/CMakeFiles/CMakeTmp'
/usr/local/bin/cmake -E cmake_progress_report /home/benty/workspace/Projects/ProdExpl/1.0.x/build/Debug_PECU/CMakeFiles/CMakeTmp/CMakeFiles 1
Building C object CMakeFiles/cmTryCompileExec.dir/CMakeCCompilerABI.c.o
/usr/bin/ccache /opt/ecos/gnutools/arm-eabi/bin/arm-eabi-gcc  -mcpu=cortex-m3 -mthumb -I/include -Wl,--gc-sections -Wl,-static -Wl,-n -g -nostdlib -fmessage-length=0 -Wall -DDEBUG     -o CMakeFiles/cmTryCompileExec.dir/CMakeCCompilerABI.c.o   -c /usr/local/share/cmake-2.8/Modules/CMakeCCompilerABI.c
Linking C executable cmTryCompileExec
/usr/local/bin/cmake -E cmake_link_script CMakeFiles/cmTryCompileExec.dir/link.txt --verbose=1
/usr/bin/ccache /opt/ecos/gnutools/arm-eabi/bin/arm-eabi-gcc  -mcpu=cortex-m3 -mthumb -I$(ECOS_LIBRARY_PATH)/include -Wl,--gc-sections -Wl,-static -Wl,-n -g -nostdlib -fmessage-length=0 -Wall -DDEBUG    -v CMakeFiles/cmTryCompileExec.dir/CMakeCCompilerABI.c.o  -o cmTryCompileExec -rdynamic  
Using built-in specs.
arm-eabi-gcc: unrecognized option '-rdynamic'
Target: arm-eabi
Configured with: /home/test/src/toolchains/gcc/gcc-4.3.2/configure -v --target=arm-eabi --prefix=/home/test/build/toolchains/arm-eabi/tools --with-newlib --with-gnu-as --with-gnu-ld --enable-languages=c,c++ --disable-__cxa_atexit --enable-threads --with-bugurl=http://bugs.ecos.sourceware.org/ --with-pkgversion='eCosCentric GNU tools 4.3.2-sw' --with-cpu=arm7tdmi --with-gmp=/opt/gmp-4.2.2 --with-mpfr=/opt/mpfr-2.3.0
Thread model: single
gcc version 4.3.2 (eCosCentric GNU tools 4.3.2-sw) 
COMPILER_PATH=/opt/ecos/gnutools/arm-eabi/bin/../libexec/gcc/arm-eabi/4.3.2/:/opt/ecos/gnutools/arm-eabi/bin/../libexec/gcc/:/opt/ecos/gnutools/arm-eabi/bin/../lib/gcc/arm-eabi/4.3.2/../../../../arm-eabi/bin/
LIBRARY_PATH=/opt/ecos/gnutools/arm-eabi/bin/../lib/gcc/arm-eabi/4.3.2/thumb/thumb2/:/opt/ecos/gnutools/arm-eabi/bin/../lib/gcc/arm-eabi/4.3.2/../../../../arm-eabi/lib/thumb/thumb2/:/opt/ecos/gnutools/arm-eabi/bin/../lib/gcc/arm-eabi/4.3.2/:/opt/ecos/gnutools/arm-eabi/bin/../lib/gcc/:/opt/ecos/gnutools/arm-eabi/bin/../lib/gcc/arm-eabi/4.3.2/../../../../arm-eabi/lib/
COLLECT_GCC_OPTIONS='-mcpu=cortex-m3' '-mthumb' '-I$(ECOS_LIBRARY_PATH)/include' '-g' '-nostdlib' '-fmessage-length=0' '-Wall' '-DDEBUG' '-v' '-o' 'cmTryCompileExec' '-rdynamic'
 /opt/ecos/gnutools/arm-eabi/bin/../libexec/gcc/arm-eabi/4.3.2/collect2 -X -o cmTryCompileExec -L/opt/ecos/gnutools/arm-eabi/bin/../lib/gcc/arm-eabi/4.3.2/thumb/thumb2 -L/opt/ecos/gnutools/arm-eabi/bin/../lib/gcc/arm-eabi/4.3.2/../../../../arm-eabi/lib/thumb/thumb2 -L/opt/ecos/gnutools/arm-eabi/bin/../lib/gcc/arm-eabi/4.3.2 -L/opt/ecos/gnutools/arm-eabi/bin/../lib/gcc -L/opt/ecos/gnutools/arm-eabi/bin/../lib/gcc/arm-eabi/4.3.2/../../../../arm-eabi/lib --gc-sections -static -n CMakeFiles/cmTryCompileExec.dir/CMakeCCompilerABI.c.o
/opt/ecos/gnutools/arm-eabi/bin/../lib/gcc/arm-eabi/4.3.2/../../../../arm-eabi/bin/ld: warning: cannot find entry symbol _start; defaulting to 00008000
make[1]: Leaving directory `/home/benty/workspace/Projects/ProdExpl/1.0.x/build/Debug_PECU/CMakeFiles/CMakeTmp'


Parsed C implicit link information from above output:
  link line regex: [^( *|.*[/\])(ld|ld|collect2)[^/\]*( |$)]
  ignore line: [Change Dir: /home/benty/workspace/Projects/ProdExpl/1.0.x/build/Debug_PECU/CMakeFiles/CMakeTmp]
  ignore line: []
  ignore line: [Run Build Command:/usr/bin/make "cmTryCompileExec/fast"]
  ignore line: [/usr/bin/make -f CMakeFiles/cmTryCompileExec.dir/build.make CMakeFiles/cmTryCompileExec.dir/build]
  ignore line: [make[1]: Entering directory `/home/benty/workspace/Projects/ProdExpl/1.0.x/build/Debug_PECU/CMakeFiles/CMakeTmp']
  ignore line: [/usr/local/bin/cmake -E cmake_progress_report /home/benty/workspace/Projects/ProdExpl/1.0.x/build/Debug_PECU/CMakeFiles/CMakeTmp/CMakeFiles 1]
  ignore line: [Building C object CMakeFiles/cmTryCompileExec.dir/CMakeCCompilerABI.c.o]
  ignore line: [/usr/bin/ccache /opt/ecos/gnutools/arm-eabi/bin/arm-eabi-gcc  -mcpu=cortex-m3 -mthumb -I/include -Wl,--gc-sections -Wl,-static -Wl,-n -g -nostdlib -fmessage-length=0 -Wall -DDEBUG     -o CMakeFiles/cmTryCompileExec.dir/CMakeCCompilerABI.c.o   -c /usr/local/share/cmake-2.8/Modules/CMakeCCompilerABI.c]
  ignore line: [Linking C executable cmTryCompileExec]
  ignore line: [/usr/local/bin/cmake -E cmake_link_script CMakeFiles/cmTryCompileExec.dir/link.txt --verbose=1]
  ignore line: [/usr/bin/ccache /opt/ecos/gnutools/arm-eabi/bin/arm-eabi-gcc  -mcpu=cortex-m3 -mthumb -I$(ECOS_LIBRARY_PATH)/include -Wl,--gc-sections -Wl,-static -Wl,-n -g -nostdlib -fmessage-length=0 -Wall -DDEBUG    -v CMakeFiles/cmTryCompileExec.dir/CMakeCCompilerABI.c.o  -o cmTryCompileExec -rdynamic  ]
  ignore line: [Using built-in specs.]
  ignore line: [arm-eabi-gcc: unrecognized option '-rdynamic']
  ignore line: [Target: arm-eabi]
  ignore line: [Configured with: /home/test/src/toolchains/gcc/gcc-4.3.2/configure -v --target=arm-eabi --prefix=/home/test/build/toolchains/arm-eabi/tools --with-newlib --with-gnu-as --with-gnu-ld --enable-languages=c,c++ --disable-__cxa_atexit --enable-threads --with-bugurl=http://bugs.ecos.sourceware.org/ --with-pkgversion='eCosCentric GNU tools 4.3.2-sw' --with-cpu=arm7tdmi --with-gmp=/opt/gmp-4.2.2 --with-mpfr=/opt/mpfr-2.3.0]
  ignore line: [Thread model: single]
  ignore line: [gcc version 4.3.2 (eCosCentric GNU tools 4.3.2-sw) ]
  ignore line: [COMPILER_PATH=/opt/ecos/gnutools/arm-eabi/bin/../libexec/gcc/arm-eabi/4.3.2/:/opt/ecos/gnutools/arm-eabi/bin/../libexec/gcc/:/opt/ecos/gnutools/arm-eabi/bin/../lib/gcc/arm-eabi/4.3.2/../../../../arm-eabi/bin/]
  ignore line: [LIBRARY_PATH=/opt/ecos/gnutools/arm-eabi/bin/../lib/gcc/arm-eabi/4.3.2/thumb/thumb2/:/opt/ecos/gnutools/arm-eabi/bin/../lib/gcc/arm-eabi/4.3.2/../../../../arm-eabi/lib/thumb/thumb2/:/opt/ecos/gnutools/arm-eabi/bin/../lib/gcc/arm-eabi/4.3.2/:/opt/ecos/gnutools/arm-eabi/bin/../lib/gcc/:/opt/ecos/gnutools/arm-eabi/bin/../lib/gcc/arm-eabi/4.3.2/../../../../arm-eabi/lib/]
  ignore line: [COLLECT_GCC_OPTIONS='-mcpu=cortex-m3' '-mthumb' '-I$(ECOS_LIBRARY_PATH)/include' '-g' '-nostdlib' '-fmessage-length=0' '-Wall' '-DDEBUG' '-v' '-o' 'cmTryCompileExec' '-rdynamic']
  link line: [ /opt/ecos/gnutools/arm-eabi/bin/../libexec/gcc/arm-eabi/4.3.2/collect2 -X -o cmTryCompileExec -L/opt/ecos/gnutools/arm-eabi/bin/../lib/gcc/arm-eabi/4.3.2/thumb/thumb2 -L/opt/ecos/gnutools/arm-eabi/bin/../lib/gcc/arm-eabi/4.3.2/../../../../arm-eabi/lib/thumb/thumb2 -L/opt/ecos/gnutools/arm-eabi/bin/../lib/gcc/arm-eabi/4.3.2 -L/opt/ecos/gnutools/arm-eabi/bin/../lib/gcc -L/opt/ecos/gnutools/arm-eabi/bin/../lib/gcc/arm-eabi/4.3.2/../../../../arm-eabi/lib --gc-sections -static -n CMakeFiles/cmTryCompileExec.dir/CMakeCCompilerABI.c.o]
    arg [/opt/ecos/gnutools/arm-eabi/bin/../libexec/gcc/arm-eabi/4.3.2/collect2] ==> ignore
    arg [-X] ==> ignore
    arg [-o] ==> ignore
    arg [cmTryCompileExec] ==> ignore
    arg [-L/opt/ecos/gnutools/arm-eabi/bin/../lib/gcc/arm-eabi/4.3.2/thumb/thumb2] ==> dir [/opt/ecos/gnutools/arm-eabi/bin/../lib/gcc/arm-eabi/4.3.2/thumb/thumb2]
    arg [-L/opt/ecos/gnutools/arm-eabi/bin/../lib/gcc/arm-eabi/4.3.2/../../../../arm-eabi/lib/thumb/thumb2] ==> dir [/opt/ecos/gnutools/arm-eabi/bin/../lib/gcc/arm-eabi/4.3.2/../../../../arm-eabi/lib/thumb/thumb2]
    arg [-L/opt/ecos/gnutools/arm-eabi/bin/../lib/gcc/arm-eabi/4.3.2] ==> dir [/opt/ecos/gnutools/arm-eabi/bin/../lib/gcc/arm-eabi/4.3.2]
    arg [-L/opt/ecos/gnutools/arm-eabi/bin/../lib/gcc] ==> dir [/opt/ecos/gnutools/arm-eabi/bin/../lib/gcc]
    arg [-L/opt/ecos/gnutools/arm-eabi/bin/../lib/gcc/arm-eabi/4.3.2/../../../../arm-eabi/lib] ==> dir [/opt/ecos/gnutools/arm-eabi/bin/../lib/gcc/arm-eabi/4.3.2/../../../../arm-eabi/lib]
    arg [--gc-sections] ==> ignore
    arg [-static] ==> ignore
    arg [-n] ==> ignore
    arg [CMakeFiles/cmTryCompileExec.dir/CMakeCCompilerABI.c.o] ==> ignore
  collapse dir [/opt/ecos/gnutools/arm-eabi/bin/../lib/gcc/arm-eabi/4.3.2/thumb/thumb2] ==> [/opt/ecos/gnutools/arm-eabi/lib/gcc/arm-eabi/4.3.2/thumb/thumb2]
  collapse dir [/opt/ecos/gnutools/arm-eabi/bin/../lib/gcc/arm-eabi/4.3.2/../../../../arm-eabi/lib/thumb/thumb2] ==> [/opt/ecos/gnutools/arm-eabi/arm-eabi/lib/thumb/thumb2]
  collapse dir [/opt/ecos/gnutools/arm-eabi/bin/../lib/gcc/arm-eabi/4.3.2] ==> [/opt/ecos/gnutools/arm-eabi/lib/gcc/arm-eabi/4.3.2]
  collapse dir [/opt/ecos/gnutools/arm-eabi/bin/../lib/gcc] ==> [/opt/ecos/gnutools/arm-eabi/lib/gcc]
  collapse dir [/opt/ecos/gnutools/arm-eabi/bin/../lib/gcc/arm-eabi/4.3.2/../../../../arm-eabi/lib] ==> [/opt/ecos/gnutools/arm-eabi/arm-eabi/lib]
  implicit libs: []
  implicit dirs: [/opt/ecos/gnutools/arm-eabi/lib/gcc/arm-eabi/4.3.2/thumb/thumb2;/opt/ecos/gnutools/arm-eabi/arm-eabi/lib/thumb/thumb2;/opt/ecos/gnutools/arm-eabi/lib/gcc/arm-eabi/4.3.2;/opt/ecos/gnutools/arm-eabi/lib/gcc;/opt/ecos/gnutools/arm-eabi/arm-eabi/lib]


Determining if the CXX compiler works passed with the following output:
Change Dir: /home/benty/workspace/Projects/ProdExpl/1.0.x/build/Debug_PECU/CMakeFiles/CMakeTmp

Run Build Command:/usr/bin/make "cmTryCompileExec/fast"
/usr/bin/make -f CMakeFiles/cmTryCompileExec.dir/build.make CMakeFiles/cmTryCompileExec.dir/build
make[1]: Entering directory `/home/benty/workspace/Projects/ProdExpl/1.0.x/build/Debug_PECU/CMakeFiles/CMakeTmp'
/usr/local/bin/cmake -E cmake_progress_report /home/benty/workspace/Projects/ProdExpl/1.0.x/build/Debug_PECU/CMakeFiles/CMakeTmp/CMakeFiles 1
Building CXX object CMakeFiles/cmTryCompileExec.dir/testCXXCompiler.cxx.o
/usr/bin/ccache /opt/ecos/gnutools/arm-eabi/bin/arm-eabi-g++   -mcpu=cortex-m3 -mthumb -I/include -Wl,--gc-sections -Wl,-static -Wl,-n -g -nostdlib   -fmessage-length=0 -Wall -Wno-sign-compare -DDEBUG     -o CMakeFiles/cmTryCompileExec.dir/testCXXCompiler.cxx.o -c /home/benty/workspace/Projects/ProdExpl/1.0.x/build/Debug_PECU/CMakeFiles/CMakeTmp/testCXXCompiler.cxx
Linking CXX executable cmTryCompileExec
/usr/local/bin/cmake -E cmake_link_script CMakeFiles/cmTryCompileExec.dir/link.txt --verbose=1
/usr/bin/ccache /opt/ecos/gnutools/arm-eabi/bin/arm-eabi-g++   -mcpu=cortex-m3 -mthumb -I$(ECOS_LIBRARY_PATH)/include -Wl,--gc-sections -Wl,-static -Wl,-n -g -nostdlib   -fmessage-length=0 -Wall -Wno-sign-compare -DDEBUG      CMakeFiles/cmTryCompileExec.dir/testCXXCompiler.cxx.o  -o cmTryCompileExec -rdynamic 
arm-eabi-g++: unrecognized option '-rdynamic'
/opt/ecos/gnutools/arm-eabi/bin/../lib/gcc/arm-eabi/4.3.2/../../../../arm-eabi/bin/ld: warning: cannot find entry symbol _start; defaulting to 00008000
make[1]: Leaving directory `/home/benty/workspace/Projects/ProdExpl/1.0.x/build/Debug_PECU/CMakeFiles/CMakeTmp'


Detecting CXX compiler ABI info compiled with the following output:
Change Dir: /home/benty/workspace/Projects/ProdExpl/1.0.x/build/Debug_PECU/CMakeFiles/CMakeTmp

Run Build Command:/usr/bin/make "cmTryCompileExec/fast"
/usr/bin/make -f CMakeFiles/cmTryCompileExec.dir/build.make CMakeFiles/cmTryCompileExec.dir/build
make[1]: Entering directory `/home/benty/workspace/Projects/ProdExpl/1.0.x/build/Debug_PECU/CMakeFiles/CMakeTmp'
/usr/local/bin/cmake -E cmake_progress_report /home/benty/workspace/Projects/ProdExpl/1.0.x/build/Debug_PECU/CMakeFiles/CMakeTmp/CMakeFiles 1
Building CXX object CMakeFiles/cmTryCompileExec.dir/CMakeCXXCompilerABI.cpp.o
/usr/bin/ccache /opt/ecos/gnutools/arm-eabi/bin/arm-eabi-g++   -mcpu=cortex-m3 -mthumb -I/include -Wl,--gc-sections -Wl,-static -Wl,-n -g -nostdlib   -fmessage-length=0 -Wall -Wno-sign-compare -DDEBUG     -o CMakeFiles/cmTryCompileExec.dir/CMakeCXXCompilerABI.cpp.o -c /usr/local/share/cmake-2.8/Modules/CMakeCXXCompilerABI.cpp
Linking CXX executable cmTryCompileExec
/usr/local/bin/cmake -E cmake_link_script CMakeFiles/cmTryCompileExec.dir/link.txt --verbose=1
/usr/bin/ccache /opt/ecos/gnutools/arm-eabi/bin/arm-eabi-g++   -mcpu=cortex-m3 -mthumb -I$(ECOS_LIBRARY_PATH)/include -Wl,--gc-sections -Wl,-static -Wl,-n -g -nostdlib   -fmessage-length=0 -Wall -Wno-sign-compare -DDEBUG    -v CMakeFiles/cmTryCompileExec.dir/CMakeCXXCompilerABI.cpp.o  -o cmTryCompileExec -rdynamic  
Using built-in specs.
arm-eabi-g++: unrecognized option '-rdynamic'
Target: arm-eabi
Configured with: /home/test/src/toolchains/gcc/gcc-4.3.2/configure -v --target=arm-eabi --prefix=/home/test/build/toolchains/arm-eabi/tools --with-newlib --with-gnu-as --with-gnu-ld --enable-languages=c,c++ --disable-__cxa_atexit --enable-threads --with-bugurl=http://bugs.ecos.sourceware.org/ --with-pkgversion='eCosCentric GNU tools 4.3.2-sw' --with-cpu=arm7tdmi --with-gmp=/opt/gmp-4.2.2 --with-mpfr=/opt/mpfr-2.3.0
Thread model: single
gcc version 4.3.2 (eCosCentric GNU tools 4.3.2-sw) 
COMPILER_PATH=/opt/ecos/gnutools/arm-eabi/bin/../libexec/gcc/arm-eabi/4.3.2/:/opt/ecos/gnutools/arm-eabi/bin/../libexec/gcc/:/opt/ecos/gnutools/arm-eabi/bin/../lib/gcc/arm-eabi/4.3.2/../../../../arm-eabi/bin/
LIBRARY_PATH=/opt/ecos/gnutools/arm-eabi/bin/../lib/gcc/arm-eabi/4.3.2/thumb/thumb2/:/opt/ecos/gnutools/arm-eabi/bin/../lib/gcc/arm-eabi/4.3.2/../../../../arm-eabi/lib/thumb/thumb2/:/opt/ecos/gnutools/arm-eabi/bin/../lib/gcc/arm-eabi/4.3.2/:/opt/ecos/gnutools/arm-eabi/bin/../lib/gcc/:/opt/ecos/gnutools/arm-eabi/bin/../lib/gcc/arm-eabi/4.3.2/../../../../arm-eabi/lib/
COLLECT_GCC_OPTIONS='-mcpu=cortex-m3' '-mthumb' '-I$(ECOS_LIBRARY_PATH)/include' '-g' '-nostdlib' '-fmessage-length=0' '-Wall' '-Wno-sign-compare' '-DDEBUG' '-v' '-o' 'cmTryCompileExec' '-rdynamic'
 /opt/ecos/gnutools/arm-eabi/bin/../libexec/gcc/arm-eabi/4.3.2/collect2 -X -o cmTryCompileExec -L/opt/ecos/gnutools/arm-eabi/bin/../lib/gcc/arm-eabi/4.3.2/thumb/thumb2 -L/opt/ecos/gnutools/arm-eabi/bin/../lib/gcc/arm-eabi/4.3.2/../../../../arm-eabi/lib/thumb/thumb2 -L/opt/ecos/gnutools/arm-eabi/bin/../lib/gcc/arm-eabi/4.3.2 -L/opt/ecos/gnutools/arm-eabi/bin/../lib/gcc -L/opt/ecos/gnutools/arm-eabi/bin/../lib/gcc/arm-eabi/4.3.2/../../../../arm-eabi/lib --gc-sections -static -n CMakeFiles/cmTryCompileExec.dir/CMakeCXXCompilerABI.cpp.o
/opt/ecos/gnutools/arm-eabi/bin/../lib/gcc/arm-eabi/4.3.2/../../../../arm-eabi/bin/ld: warning: cannot find entry symbol _start; defaulting to 00008000
make[1]: Leaving directory `/home/benty/workspace/Projects/ProdExpl/1.0.x/build/Debug_PECU/CMakeFiles/CMakeTmp'


Parsed CXX implicit link information from above output:
  link line regex: [^( *|.*[/\])(ld|ld|collect2)[^/\]*( |$)]
  ignore line: [Change Dir: /home/benty/workspace/Projects/ProdExpl/1.0.x/build/Debug_PECU/CMakeFiles/CMakeTmp]
  ignore line: []
  ignore line: [Run Build Command:/usr/bin/make "cmTryCompileExec/fast"]
  ignore line: [/usr/bin/make -f CMakeFiles/cmTryCompileExec.dir/build.make CMakeFiles/cmTryCompileExec.dir/build]
  ignore line: [make[1]: Entering directory `/home/benty/workspace/Projects/ProdExpl/1.0.x/build/Debug_PECU/CMakeFiles/CMakeTmp']
  ignore line: [/usr/local/bin/cmake -E cmake_progress_report /home/benty/workspace/Projects/ProdExpl/1.0.x/build/Debug_PECU/CMakeFiles/CMakeTmp/CMakeFiles 1]
  ignore line: [Building CXX object CMakeFiles/cmTryCompileExec.dir/CMakeCXXCompilerABI.cpp.o]
  ignore line: [/usr/bin/ccache /opt/ecos/gnutools/arm-eabi/bin/arm-eabi-g++   -mcpu=cortex-m3 -mthumb -I/include -Wl,--gc-sections -Wl,-static -Wl,-n -g -nostdlib   -fmessage-length=0 -Wall -Wno-sign-compare -DDEBUG     -o CMakeFiles/cmTryCompileExec.dir/CMakeCXXCompilerABI.cpp.o -c /usr/local/share/cmake-2.8/Modules/CMakeCXXCompilerABI.cpp]
  ignore line: [Linking CXX executable cmTryCompileExec]
  ignore line: [/usr/local/bin/cmake -E cmake_link_script CMakeFiles/cmTryCompileExec.dir/link.txt --verbose=1]
  ignore line: [/usr/bin/ccache /opt/ecos/gnutools/arm-eabi/bin/arm-eabi-g++   -mcpu=cortex-m3 -mthumb -I$(ECOS_LIBRARY_PATH)/include -Wl,--gc-sections -Wl,-static -Wl,-n -g -nostdlib   -fmessage-length=0 -Wall -Wno-sign-compare -DDEBUG    -v CMakeFiles/cmTryCompileExec.dir/CMakeCXXCompilerABI.cpp.o  -o cmTryCompileExec -rdynamic  ]
  ignore line: [Using built-in specs.]
  ignore line: [arm-eabi-g++: unrecognized option '-rdynamic']
  ignore line: [Target: arm-eabi]
  ignore line: [Configured with: /home/test/src/toolchains/gcc/gcc-4.3.2/configure -v --target=arm-eabi --prefix=/home/test/build/toolchains/arm-eabi/tools --with-newlib --with-gnu-as --with-gnu-ld --enable-languages=c,c++ --disable-__cxa_atexit --enable-threads --with-bugurl=http://bugs.ecos.sourceware.org/ --with-pkgversion='eCosCentric GNU tools 4.3.2-sw' --with-cpu=arm7tdmi --with-gmp=/opt/gmp-4.2.2 --with-mpfr=/opt/mpfr-2.3.0]
  ignore line: [Thread model: single]
  ignore line: [gcc version 4.3.2 (eCosCentric GNU tools 4.3.2-sw) ]
  ignore line: [COMPILER_PATH=/opt/ecos/gnutools/arm-eabi/bin/../libexec/gcc/arm-eabi/4.3.2/:/opt/ecos/gnutools/arm-eabi/bin/../libexec/gcc/:/opt/ecos/gnutools/arm-eabi/bin/../lib/gcc/arm-eabi/4.3.2/../../../../arm-eabi/bin/]
  ignore line: [LIBRARY_PATH=/opt/ecos/gnutools/arm-eabi/bin/../lib/gcc/arm-eabi/4.3.2/thumb/thumb2/:/opt/ecos/gnutools/arm-eabi/bin/../lib/gcc/arm-eabi/4.3.2/../../../../arm-eabi/lib/thumb/thumb2/:/opt/ecos/gnutools/arm-eabi/bin/../lib/gcc/arm-eabi/4.3.2/:/opt/ecos/gnutools/arm-eabi/bin/../lib/gcc/:/opt/ecos/gnutools/arm-eabi/bin/../lib/gcc/arm-eabi/4.3.2/../../../../arm-eabi/lib/]
  ignore line: [COLLECT_GCC_OPTIONS='-mcpu=cortex-m3' '-mthumb' '-I$(ECOS_LIBRARY_PATH)/include' '-g' '-nostdlib' '-fmessage-length=0' '-Wall' '-Wno-sign-compare' '-DDEBUG' '-v' '-o' 'cmTryCompileExec' '-rdynamic']
  link line: [ /opt/ecos/gnutools/arm-eabi/bin/../libexec/gcc/arm-eabi/4.3.2/collect2 -X -o cmTryCompileExec -L/opt/ecos/gnutools/arm-eabi/bin/../lib/gcc/arm-eabi/4.3.2/thumb/thumb2 -L/opt/ecos/gnutools/arm-eabi/bin/../lib/gcc/arm-eabi/4.3.2/../../../../arm-eabi/lib/thumb/thumb2 -L/opt/ecos/gnutools/arm-eabi/bin/../lib/gcc/arm-eabi/4.3.2 -L/opt/ecos/gnutools/arm-eabi/bin/../lib/gcc -L/opt/ecos/gnutools/arm-eabi/bin/../lib/gcc/arm-eabi/4.3.2/../../../../arm-eabi/lib --gc-sections -static -n CMakeFiles/cmTryCompileExec.dir/CMakeCXXCompilerABI.cpp.o]
    arg [/opt/ecos/gnutools/arm-eabi/bin/../libexec/gcc/arm-eabi/4.3.2/collect2] ==> ignore
    arg [-X] ==> ignore
    arg [-o] ==> ignore
    arg [cmTryCompileExec] ==> ignore
    arg [-L/opt/ecos/gnutools/arm-eabi/bin/../lib/gcc/arm-eabi/4.3.2/thumb/thumb2] ==> dir [/opt/ecos/gnutools/arm-eabi/bin/../lib/gcc/arm-eabi/4.3.2/thumb/thumb2]
    arg [-L/opt/ecos/gnutools/arm-eabi/bin/../lib/gcc/arm-eabi/4.3.2/../../../../arm-eabi/lib/thumb/thumb2] ==> dir [/opt/ecos/gnutools/arm-eabi/bin/../lib/gcc/arm-eabi/4.3.2/../../../../arm-eabi/lib/thumb/thumb2]
    arg [-L/opt/ecos/gnutools/arm-eabi/bin/../lib/gcc/arm-eabi/4.3.2] ==> dir [/opt/ecos/gnutools/arm-eabi/bin/../lib/gcc/arm-eabi/4.3.2]
    arg [-L/opt/ecos/gnutools/arm-eabi/bin/../lib/gcc] ==> dir [/opt/ecos/gnutools/arm-eabi/bin/../lib/gcc]
    arg [-L/opt/ecos/gnutools/arm-eabi/bin/../lib/gcc/arm-eabi/4.3.2/../../../../arm-eabi/lib] ==> dir [/opt/ecos/gnutools/arm-eabi/bin/../lib/gcc/arm-eabi/4.3.2/../../../../arm-eabi/lib]
    arg [--gc-sections] ==> ignore
    arg [-static] ==> ignore
    arg [-n] ==> ignore
    arg [CMakeFiles/cmTryCompileExec.dir/CMakeCXXCompilerABI.cpp.o] ==> ignore
  collapse dir [/opt/ecos/gnutools/arm-eabi/bin/../lib/gcc/arm-eabi/4.3.2/thumb/thumb2] ==> [/opt/ecos/gnutools/arm-eabi/lib/gcc/arm-eabi/4.3.2/thumb/thumb2]
  collapse dir [/opt/ecos/gnutools/arm-eabi/bin/../lib/gcc/arm-eabi/4.3.2/../../../../arm-eabi/lib/thumb/thumb2] ==> [/opt/ecos/gnutools/arm-eabi/arm-eabi/lib/thumb/thumb2]
  collapse dir [/opt/ecos/gnutools/arm-eabi/bin/../lib/gcc/arm-eabi/4.3.2] ==> [/opt/ecos/gnutools/arm-eabi/lib/gcc/arm-eabi/4.3.2]
  collapse dir [/opt/ecos/gnutools/arm-eabi/bin/../lib/gcc] ==> [/opt/ecos/gnutools/arm-eabi/lib/gcc]
  collapse dir [/opt/ecos/gnutools/arm-eabi/bin/../lib/gcc/arm-eabi/4.3.2/../../../../arm-eabi/lib] ==> [/opt/ecos/gnutools/arm-eabi/arm-eabi/lib]
  implicit libs: []
  implicit dirs: [/opt/ecos/gnutools/arm-eabi/lib/gcc/arm-eabi/4.3.2/thumb/thumb2;/opt/ecos/gnutools/arm-eabi/arm-eabi/lib/thumb/thumb2;/opt/ecos/gnutools/arm-eabi/lib/gcc/arm-eabi/4.3.2;/opt/ecos/gnutools/arm-eabi/lib/gcc;/opt/ecos/gnutools/arm-eabi/arm-eabi/lib]


