The target system is: eCos -  - 
The host system is: Linux - 3.2.0-4-686-pae - i686
Compiling the C compiler identification source file "CMakeCCompilerId.c" succeeded.
Compiler: /opt/ecos/gnutools/arm-eabi/bin/arm-eabi-gcc 
Build flags: ;-mcpu=cortex-m3;-mthumb;-nostartfiles;-nostdlib;;-nodefaultlibs;-I$(ECOS_LIBRARY_PATH)/include;;-Wl,-static;-Wl,-n;-g;;-fmessage-length=0;-Wall;;;-DDEBUG
Id flags: 

The output was:
0
/opt/ecos/gnutools/arm-eabi/lib/gcc/arm-eabi/4.6.3/../../../../arm-eabi/bin/ld: warning: cannot find entry symbol _start; defaulting to 00008000


Compilation of the C compiler identification source "CMakeCCompilerId.c" produced "a.out"

The C compiler identification is GNU, found in "/home/benty/workspace/Projects/ProdEAMP/1.0.x/build/Debug_EAMP/CMakeFiles/3.1.0/CompilerIdC/a.out"

Compiling the CXX compiler identification source file "CMakeCXXCompilerId.cpp" succeeded.
Compiler: /opt/ecos/gnutools/arm-eabi/bin/arm-eabi-g++ 
Build flags: ;-mcpu=cortex-m3;-mthumb;-nostartfiles;-nostdlib;;-nodefaultlibs;-I$(ECOS_LIBRARY_PATH)/include;-Wl,-static;-Wl,-n;-g;;;-fmessage-length=0;-Wall;-Wno-sign-compare;;;-DDEBUG
Id flags: 

The output was:
0
/opt/ecos/gnutools/arm-eabi/lib/gcc/arm-eabi/4.6.3/../../../../arm-eabi/bin/ld: warning: cannot find entry symbol _start; defaulting to 00008000


Compilation of the CXX compiler identification source "CMakeCXXCompilerId.cpp" produced "a.out"

The CXX compiler identification is GNU, found in "/home/benty/workspace/Projects/ProdEAMP/1.0.x/build/Debug_EAMP/CMakeFiles/3.1.0/CompilerIdCXX/a.out"

Determining if the C compiler works passed with the following output:
Change Dir: /home/benty/workspace/Projects/ProdEAMP/1.0.x/build/Debug_EAMP/CMakeFiles/CMakeTmp

Run Build Command:"/usr/bin/make" "cmTryCompileExec3493080421/fast"
/usr/bin/make -f CMakeFiles/cmTryCompileExec3493080421.dir/build.make CMakeFiles/cmTryCompileExec3493080421.dir/build
make[1]: Entering directory `/home/benty/workspace/Projects/ProdEAMP/1.0.x/build/Debug_EAMP/CMakeFiles/CMakeTmp'
/usr/local/bin/cmake -E cmake_progress_report /home/benty/workspace/Projects/ProdEAMP/1.0.x/build/Debug_EAMP/CMakeFiles/CMakeTmp/CMakeFiles 1
Building C object CMakeFiles/cmTryCompileExec3493080421.dir/testCCompiler.c.o
/opt/ecos/gnutools/arm-eabi/bin/arm-eabi-gcc  -D__ECOS=1 -D__ECOS__=1 -mcpu=cortex-m3 -mthumb -nostartfiles -nostdlib  -nodefaultlibs -I/include  -Wl,-static -Wl,-n -g  -fmessage-length=0 -Wall   -DDEBUG  -I/home/benty/workspace/Projects/os/ecos/freescale/cortexm/k70/core_k70150/ecos/4/4_install/include    -o CMakeFiles/cmTryCompileExec3493080421.dir/testCCompiler.c.o   -c /home/benty/workspace/Projects/ProdEAMP/1.0.x/build/Debug_EAMP/CMakeFiles/CMakeTmp/testCCompiler.c
Linking C executable cmTryCompileExec3493080421.elf
/usr/local/bin/cmake -E cmake_link_script CMakeFiles/cmTryCompileExec3493080421.dir/link.txt --verbose=1
/opt/ecos/gnutools/arm-eabi/bin/arm-eabi-gcc     -mcpu=cortex-m3 -mthumb -nostartfiles -nostdlib  -nodefaultlibs -I$(ECOS_LIBRARY_PATH)/include  -Wl,-static -Wl,-n -g  -fmessage-length=0 -Wall   -DDEBUG      CMakeFiles/cmTryCompileExec3493080421.dir/testCCompiler.c.o -o cmTryCompileExec3493080421.elf -nostdlib -nostartfiles -L/home/benty/workspace/Projects/os/ecos/freescale/cortexm/k70/core_k70150/ecos/4/4_install/lib -Ttarget.ld   
make[1]: Leaving directory `/home/benty/workspace/Projects/ProdEAMP/1.0.x/build/Debug_EAMP/CMakeFiles/CMakeTmp'


Detecting C compiler ABI info compiled with the following output:
Change Dir: /home/benty/workspace/Projects/ProdEAMP/1.0.x/build/Debug_EAMP/CMakeFiles/CMakeTmp

Run Build Command:"/usr/bin/make" "cmTryCompileExec758735911/fast"
/usr/bin/make -f CMakeFiles/cmTryCompileExec758735911.dir/build.make CMakeFiles/cmTryCompileExec758735911.dir/build
make[1]: Entering directory `/home/benty/workspace/Projects/ProdEAMP/1.0.x/build/Debug_EAMP/CMakeFiles/CMakeTmp'
/usr/local/bin/cmake -E cmake_progress_report /home/benty/workspace/Projects/ProdEAMP/1.0.x/build/Debug_EAMP/CMakeFiles/CMakeTmp/CMakeFiles 1
Building C object CMakeFiles/cmTryCompileExec758735911.dir/CMakeCCompilerABI.c.o
/opt/ecos/gnutools/arm-eabi/bin/arm-eabi-gcc  -D__ECOS=1 -D__ECOS__=1 -mcpu=cortex-m3 -mthumb -nostartfiles -nostdlib  -nodefaultlibs -I/include  -Wl,-static -Wl,-n -g  -fmessage-length=0 -Wall   -DDEBUG  -I/home/benty/workspace/Projects/os/ecos/freescale/cortexm/k70/core_k70150/ecos/4/4_install/include    -o CMakeFiles/cmTryCompileExec758735911.dir/CMakeCCompilerABI.c.o   -c /usr/local/share/cmake-3.1/Modules/CMakeCCompilerABI.c
Linking C executable cmTryCompileExec758735911.elf
/usr/local/bin/cmake -E cmake_link_script CMakeFiles/cmTryCompileExec758735911.dir/link.txt --verbose=1
/opt/ecos/gnutools/arm-eabi/bin/arm-eabi-gcc     -mcpu=cortex-m3 -mthumb -nostartfiles -nostdlib  -nodefaultlibs -I$(ECOS_LIBRARY_PATH)/include  -Wl,-static -Wl,-n -g  -fmessage-length=0 -Wall   -DDEBUG     -v CMakeFiles/cmTryCompileExec758735911.dir/CMakeCCompilerABI.c.o -o cmTryCompileExec758735911.elf -nostdlib -nostartfiles -L/home/benty/workspace/Projects/os/ecos/freescale/cortexm/k70/core_k70150/ecos/4/4_install/lib -Ttarget.ld    
Using built-in specs.
COLLECT_GCC=/opt/ecos/gnutools/arm-eabi/bin/arm-eabi-gcc
COLLECT_LTO_WRAPPER=/opt/ecos/gnutools/arm-eabi/libexec/gcc/arm-eabi/4.6.3/lto-wrapper
Target: arm-eabi
Configured with: ../../../../src/gcc-4.6.3/configure --target=arm-eabi --with-cpu=arm7tdmi --prefix=/opt/ecos/gnutools/arm-eabi --with-newlib --with-gnu-as --with-gnu-ld --with-gmp=/opt/gmp-4.3.2 --with-mpfr=/opt/mpfr-2.4.2 --with-mpc=/opt/mpc-0.8.2 --enable-languages=c,c++ --enable-threads --disable-hosted-libstdcxx --disable-__cxa_atexit --disable-libquadmath --disable-decimal-float -with-pkgversion='eCos GNU Tools 4.6.3-20120623' --with-bugurl=http://bugs.ecos.sourceware.org/
Thread model: single
gcc version 4.6.3 (eCos GNU Tools 4.6.3-20120623) 
COMPILER_PATH=/opt/ecos/gnutools/arm-eabi/libexec/gcc/arm-eabi/4.6.3/:/opt/ecos/gnutools/arm-eabi/libexec/gcc/arm-eabi/4.6.3/:/opt/ecos/gnutools/arm-eabi/libexec/gcc/arm-eabi/:/opt/ecos/gnutools/arm-eabi/lib/gcc/arm-eabi/4.6.3/:/opt/ecos/gnutools/arm-eabi/lib/gcc/arm-eabi/:/opt/ecos/gnutools/arm-eabi/lib/gcc/arm-eabi/4.6.3/../../../../arm-eabi/bin/
LIBRARY_PATH=/opt/ecos/gnutools/arm-eabi/lib/gcc/arm-eabi/4.6.3/thumb/thumb2/:/opt/ecos/gnutools/arm-eabi/lib/gcc/arm-eabi/4.6.3/../../../../arm-eabi/lib/thumb/thumb2/:/opt/ecos/gnutools/arm-eabi/lib/gcc/arm-eabi/4.6.3/:/opt/ecos/gnutools/arm-eabi/lib/gcc/arm-eabi/4.6.3/../../../../arm-eabi/lib/
COLLECT_GCC_OPTIONS='-mcpu=cortex-m3' '-mthumb' '-nostartfiles' '-nostdlib' '-nodefaultlibs' '-I' '$(ECOS_LIBRARY_PATH)/include' '-g' '-fmessage-length=0' '-Wall' '-D' 'DEBUG' '-v' '-o' 'cmTryCompileExec758735911.elf' '-nostdlib' '-nostartfiles' '-L/home/benty/workspace/Projects/os/ecos/freescale/cortexm/k70/core_k70150/ecos/4/4_install/lib' '-T' 'target.ld'
 /opt/ecos/gnutools/arm-eabi/libexec/gcc/arm-eabi/4.6.3/collect2 -X -o cmTryCompileExec758735911.elf -L/home/benty/workspace/Projects/os/ecos/freescale/cortexm/k70/core_k70150/ecos/4/4_install/lib -L/opt/ecos/gnutools/arm-eabi/lib/gcc/arm-eabi/4.6.3/thumb/thumb2 -L/opt/ecos/gnutools/arm-eabi/lib/gcc/arm-eabi/4.6.3/../../../../arm-eabi/lib/thumb/thumb2 -L/opt/ecos/gnutools/arm-eabi/lib/gcc/arm-eabi/4.6.3 -L/opt/ecos/gnutools/arm-eabi/lib/gcc/arm-eabi/4.6.3/../../../../arm-eabi/lib -static -n CMakeFiles/cmTryCompileExec758735911.dir/CMakeCCompilerABI.c.o -T target.ld
make[1]: Leaving directory `/home/benty/workspace/Projects/ProdEAMP/1.0.x/build/Debug_EAMP/CMakeFiles/CMakeTmp'


Parsed C implicit link information from above output:
  link line regex: [^( *|.*[/\])(arm-eabi-ld|([^/\]+-)?ld|collect2)[^/\]*( |$)]
  ignore line: [Change Dir: /home/benty/workspace/Projects/ProdEAMP/1.0.x/build/Debug_EAMP/CMakeFiles/CMakeTmp]
  ignore line: []
  ignore line: [Run Build Command:"/usr/bin/make" "cmTryCompileExec758735911/fast"]
  ignore line: [/usr/bin/make -f CMakeFiles/cmTryCompileExec758735911.dir/build.make CMakeFiles/cmTryCompileExec758735911.dir/build]
  ignore line: [make[1]: Entering directory `/home/benty/workspace/Projects/ProdEAMP/1.0.x/build/Debug_EAMP/CMakeFiles/CMakeTmp']
  ignore line: [/usr/local/bin/cmake -E cmake_progress_report /home/benty/workspace/Projects/ProdEAMP/1.0.x/build/Debug_EAMP/CMakeFiles/CMakeTmp/CMakeFiles 1]
  ignore line: [Building C object CMakeFiles/cmTryCompileExec758735911.dir/CMakeCCompilerABI.c.o]
  ignore line: [/opt/ecos/gnutools/arm-eabi/bin/arm-eabi-gcc  -D__ECOS=1 -D__ECOS__=1 -mcpu=cortex-m3 -mthumb -nostartfiles -nostdlib  -nodefaultlibs -I/include  -Wl,-static -Wl,-n -g  -fmessage-length=0 -Wall   -DDEBUG  -I/home/benty/workspace/Projects/os/ecos/freescale/cortexm/k70/core_k70150/ecos/4/4_install/include    -o CMakeFiles/cmTryCompileExec758735911.dir/CMakeCCompilerABI.c.o   -c /usr/local/share/cmake-3.1/Modules/CMakeCCompilerABI.c]
  ignore line: [Linking C executable cmTryCompileExec758735911.elf]
  ignore line: [/usr/local/bin/cmake -E cmake_link_script CMakeFiles/cmTryCompileExec758735911.dir/link.txt --verbose=1]
  ignore line: [/opt/ecos/gnutools/arm-eabi/bin/arm-eabi-gcc     -mcpu=cortex-m3 -mthumb -nostartfiles -nostdlib  -nodefaultlibs -I$(ECOS_LIBRARY_PATH)/include  -Wl,-static -Wl,-n -g  -fmessage-length=0 -Wall   -DDEBUG     -v CMakeFiles/cmTryCompileExec758735911.dir/CMakeCCompilerABI.c.o -o cmTryCompileExec758735911.elf -nostdlib -nostartfiles -L/home/benty/workspace/Projects/os/ecos/freescale/cortexm/k70/core_k70150/ecos/4/4_install/lib -Ttarget.ld    ]
  ignore line: [Using built-in specs.]
  ignore line: [COLLECT_GCC=/opt/ecos/gnutools/arm-eabi/bin/arm-eabi-gcc]
  ignore line: [COLLECT_LTO_WRAPPER=/opt/ecos/gnutools/arm-eabi/libexec/gcc/arm-eabi/4.6.3/lto-wrapper]
  ignore line: [Target: arm-eabi]
  ignore line: [Configured with: ../../../../src/gcc-4.6.3/configure --target=arm-eabi --with-cpu=arm7tdmi --prefix=/opt/ecos/gnutools/arm-eabi --with-newlib --with-gnu-as --with-gnu-ld --with-gmp=/opt/gmp-4.3.2 --with-mpfr=/opt/mpfr-2.4.2 --with-mpc=/opt/mpc-0.8.2 --enable-languages=c,c++ --enable-threads --disable-hosted-libstdcxx --disable-__cxa_atexit --disable-libquadmath --disable-decimal-float -with-pkgversion='eCos GNU Tools 4.6.3-20120623' --with-bugurl=http://bugs.ecos.sourceware.org/]
  ignore line: [Thread model: single]
  ignore line: [gcc version 4.6.3 (eCos GNU Tools 4.6.3-20120623) ]
  ignore line: [COMPILER_PATH=/opt/ecos/gnutools/arm-eabi/libexec/gcc/arm-eabi/4.6.3/:/opt/ecos/gnutools/arm-eabi/libexec/gcc/arm-eabi/4.6.3/:/opt/ecos/gnutools/arm-eabi/libexec/gcc/arm-eabi/:/opt/ecos/gnutools/arm-eabi/lib/gcc/arm-eabi/4.6.3/:/opt/ecos/gnutools/arm-eabi/lib/gcc/arm-eabi/:/opt/ecos/gnutools/arm-eabi/lib/gcc/arm-eabi/4.6.3/../../../../arm-eabi/bin/]
  ignore line: [LIBRARY_PATH=/opt/ecos/gnutools/arm-eabi/lib/gcc/arm-eabi/4.6.3/thumb/thumb2/:/opt/ecos/gnutools/arm-eabi/lib/gcc/arm-eabi/4.6.3/../../../../arm-eabi/lib/thumb/thumb2/:/opt/ecos/gnutools/arm-eabi/lib/gcc/arm-eabi/4.6.3/:/opt/ecos/gnutools/arm-eabi/lib/gcc/arm-eabi/4.6.3/../../../../arm-eabi/lib/]
  ignore line: [COLLECT_GCC_OPTIONS='-mcpu=cortex-m3' '-mthumb' '-nostartfiles' '-nostdlib' '-nodefaultlibs' '-I' '$(ECOS_LIBRARY_PATH)/include' '-g' '-fmessage-length=0' '-Wall' '-D' 'DEBUG' '-v' '-o' 'cmTryCompileExec758735911.elf' '-nostdlib' '-nostartfiles' '-L/home/benty/workspace/Projects/os/ecos/freescale/cortexm/k70/core_k70150/ecos/4/4_install/lib' '-T' 'target.ld']
  link line: [ /opt/ecos/gnutools/arm-eabi/libexec/gcc/arm-eabi/4.6.3/collect2 -X -o cmTryCompileExec758735911.elf -L/home/benty/workspace/Projects/os/ecos/freescale/cortexm/k70/core_k70150/ecos/4/4_install/lib -L/opt/ecos/gnutools/arm-eabi/lib/gcc/arm-eabi/4.6.3/thumb/thumb2 -L/opt/ecos/gnutools/arm-eabi/lib/gcc/arm-eabi/4.6.3/../../../../arm-eabi/lib/thumb/thumb2 -L/opt/ecos/gnutools/arm-eabi/lib/gcc/arm-eabi/4.6.3 -L/opt/ecos/gnutools/arm-eabi/lib/gcc/arm-eabi/4.6.3/../../../../arm-eabi/lib -static -n CMakeFiles/cmTryCompileExec758735911.dir/CMakeCCompilerABI.c.o -T target.ld]
    arg [/opt/ecos/gnutools/arm-eabi/libexec/gcc/arm-eabi/4.6.3/collect2] ==> ignore
    arg [-X] ==> ignore
    arg [-o] ==> ignore
    arg [cmTryCompileExec758735911.elf] ==> ignore
    arg [-L/home/benty/workspace/Projects/os/ecos/freescale/cortexm/k70/core_k70150/ecos/4/4_install/lib] ==> dir [/home/benty/workspace/Projects/os/ecos/freescale/cortexm/k70/core_k70150/ecos/4/4_install/lib]
    arg [-L/opt/ecos/gnutools/arm-eabi/lib/gcc/arm-eabi/4.6.3/thumb/thumb2] ==> dir [/opt/ecos/gnutools/arm-eabi/lib/gcc/arm-eabi/4.6.3/thumb/thumb2]
    arg [-L/opt/ecos/gnutools/arm-eabi/lib/gcc/arm-eabi/4.6.3/../../../../arm-eabi/lib/thumb/thumb2] ==> dir [/opt/ecos/gnutools/arm-eabi/lib/gcc/arm-eabi/4.6.3/../../../../arm-eabi/lib/thumb/thumb2]
    arg [-L/opt/ecos/gnutools/arm-eabi/lib/gcc/arm-eabi/4.6.3] ==> dir [/opt/ecos/gnutools/arm-eabi/lib/gcc/arm-eabi/4.6.3]
    arg [-L/opt/ecos/gnutools/arm-eabi/lib/gcc/arm-eabi/4.6.3/../../../../arm-eabi/lib] ==> dir [/opt/ecos/gnutools/arm-eabi/lib/gcc/arm-eabi/4.6.3/../../../../arm-eabi/lib]
    arg [-static] ==> ignore
    arg [-n] ==> ignore
    arg [CMakeFiles/cmTryCompileExec758735911.dir/CMakeCCompilerABI.c.o] ==> ignore
    arg [-T] ==> ignore
    arg [target.ld] ==> ignore
  collapse library dir [/home/benty/workspace/Projects/os/ecos/freescale/cortexm/k70/core_k70150/ecos/4/4_install/lib] ==> [/home/benty/workspace/Projects/os/ecos/freescale/cortexm/k70/core_k70150/ecos/4/4_install/lib]
  collapse library dir [/opt/ecos/gnutools/arm-eabi/lib/gcc/arm-eabi/4.6.3/thumb/thumb2] ==> [/opt/ecos/gnutools/arm-eabi/lib/gcc/arm-eabi/4.6.3/thumb/thumb2]
  collapse library dir [/opt/ecos/gnutools/arm-eabi/lib/gcc/arm-eabi/4.6.3/../../../../arm-eabi/lib/thumb/thumb2] ==> [/opt/ecos/gnutools/arm-eabi/arm-eabi/lib/thumb/thumb2]
  collapse library dir [/opt/ecos/gnutools/arm-eabi/lib/gcc/arm-eabi/4.6.3] ==> [/opt/ecos/gnutools/arm-eabi/lib/gcc/arm-eabi/4.6.3]
  collapse library dir [/opt/ecos/gnutools/arm-eabi/lib/gcc/arm-eabi/4.6.3/../../../../arm-eabi/lib] ==> [/opt/ecos/gnutools/arm-eabi/arm-eabi/lib]
  implicit libs: []
  implicit dirs: [/home/benty/workspace/Projects/os/ecos/freescale/cortexm/k70/core_k70150/ecos/4/4_install/lib;/opt/ecos/gnutools/arm-eabi/lib/gcc/arm-eabi/4.6.3/thumb/thumb2;/opt/ecos/gnutools/arm-eabi/arm-eabi/lib/thumb/thumb2;/opt/ecos/gnutools/arm-eabi/lib/gcc/arm-eabi/4.6.3;/opt/ecos/gnutools/arm-eabi/arm-eabi/lib]
  implicit fwks: []


Determining if the CXX compiler works passed with the following output:
Change Dir: /home/benty/workspace/Projects/ProdEAMP/1.0.x/build/Debug_EAMP/CMakeFiles/CMakeTmp

Run Build Command:"/usr/bin/make" "cmTryCompileExec1194228258/fast"
/usr/bin/make -f CMakeFiles/cmTryCompileExec1194228258.dir/build.make CMakeFiles/cmTryCompileExec1194228258.dir/build
make[1]: Entering directory `/home/benty/workspace/Projects/ProdEAMP/1.0.x/build/Debug_EAMP/CMakeFiles/CMakeTmp'
/usr/local/bin/cmake -E cmake_progress_report /home/benty/workspace/Projects/ProdEAMP/1.0.x/build/Debug_EAMP/CMakeFiles/CMakeTmp/CMakeFiles 1
Building CXX object CMakeFiles/cmTryCompileExec1194228258.dir/testCXXCompiler.cxx.o
/opt/ecos/gnutools/arm-eabi/bin/arm-eabi-g++   -D__ECOS=1 -D__ECOS__=1 -mcpu=cortex-m3 -mthumb -nostartfiles -nostdlib  -nodefaultlibs -I/include -Wl,-static -Wl,-n -g   -fmessage-length=0 -Wall -Wno-sign-compare   -DDEBUG  -I/home/benty/workspace/Projects/os/ecos/freescale/cortexm/k70/core_k70150/ecos/4/4_install/include    -o CMakeFiles/cmTryCompileExec1194228258.dir/testCXXCompiler.cxx.o -c /home/benty/workspace/Projects/ProdEAMP/1.0.x/build/Debug_EAMP/CMakeFiles/CMakeTmp/testCXXCompiler.cxx
Linking CXX executable cmTryCompileExec1194228258.elf
/usr/local/bin/cmake -E cmake_link_script CMakeFiles/cmTryCompileExec1194228258.dir/link.txt --verbose=1
/opt/ecos/gnutools/arm-eabi/bin/arm-eabi-g++   -mcpu=cortex-m3 -mthumb -nostartfiles -nostdlib  -nodefaultlibs -I$(ECOS_LIBRARY_PATH)/include -Wl,-static -Wl,-n -g   -fmessage-length=0 -Wall -Wno-sign-compare   -DDEBUG    CMakeFiles/cmTryCompileExec1194228258.dir/testCXXCompiler.cxx.o -o cmTryCompileExec1194228258.elf -nostdlib -nostartfiles -L/home/benty/workspace/Projects/os/ecos/freescale/cortexm/k70/core_k70150/ecos/4/4_install/lib -Ttarget.ld   
make[1]: Leaving directory `/home/benty/workspace/Projects/ProdEAMP/1.0.x/build/Debug_EAMP/CMakeFiles/CMakeTmp'


Detecting CXX compiler ABI info compiled with the following output:
Change Dir: /home/benty/workspace/Projects/ProdEAMP/1.0.x/build/Debug_EAMP/CMakeFiles/CMakeTmp

Run Build Command:"/usr/bin/make" "cmTryCompileExec449360994/fast"
/usr/bin/make -f CMakeFiles/cmTryCompileExec449360994.dir/build.make CMakeFiles/cmTryCompileExec449360994.dir/build
make[1]: Entering directory `/home/benty/workspace/Projects/ProdEAMP/1.0.x/build/Debug_EAMP/CMakeFiles/CMakeTmp'
/usr/local/bin/cmake -E cmake_progress_report /home/benty/workspace/Projects/ProdEAMP/1.0.x/build/Debug_EAMP/CMakeFiles/CMakeTmp/CMakeFiles 1
Building CXX object CMakeFiles/cmTryCompileExec449360994.dir/CMakeCXXCompilerABI.cpp.o
/opt/ecos/gnutools/arm-eabi/bin/arm-eabi-g++   -D__ECOS=1 -D__ECOS__=1 -mcpu=cortex-m3 -mthumb -nostartfiles -nostdlib  -nodefaultlibs -I/include -Wl,-static -Wl,-n -g   -fmessage-length=0 -Wall -Wno-sign-compare   -DDEBUG  -I/home/benty/workspace/Projects/os/ecos/freescale/cortexm/k70/core_k70150/ecos/4/4_install/include    -o CMakeFiles/cmTryCompileExec449360994.dir/CMakeCXXCompilerABI.cpp.o -c /usr/local/share/cmake-3.1/Modules/CMakeCXXCompilerABI.cpp
Linking CXX executable cmTryCompileExec449360994.elf
/usr/local/bin/cmake -E cmake_link_script CMakeFiles/cmTryCompileExec449360994.dir/link.txt --verbose=1
/opt/ecos/gnutools/arm-eabi/bin/arm-eabi-g++   -mcpu=cortex-m3 -mthumb -nostartfiles -nostdlib  -nodefaultlibs -I$(ECOS_LIBRARY_PATH)/include -Wl,-static -Wl,-n -g   -fmessage-length=0 -Wall -Wno-sign-compare   -DDEBUG   -v CMakeFiles/cmTryCompileExec449360994.dir/CMakeCXXCompilerABI.cpp.o -o cmTryCompileExec449360994.elf -nostdlib -nostartfiles -L/home/benty/workspace/Projects/os/ecos/freescale/cortexm/k70/core_k70150/ecos/4/4_install/lib -Ttarget.ld    
Using built-in specs.
COLLECT_GCC=/opt/ecos/gnutools/arm-eabi/bin/arm-eabi-g++
COLLECT_LTO_WRAPPER=/opt/ecos/gnutools/arm-eabi/libexec/gcc/arm-eabi/4.6.3/lto-wrapper
Target: arm-eabi
Configured with: ../../../../src/gcc-4.6.3/configure --target=arm-eabi --with-cpu=arm7tdmi --prefix=/opt/ecos/gnutools/arm-eabi --with-newlib --with-gnu-as --with-gnu-ld --with-gmp=/opt/gmp-4.3.2 --with-mpfr=/opt/mpfr-2.4.2 --with-mpc=/opt/mpc-0.8.2 --enable-languages=c,c++ --enable-threads --disable-hosted-libstdcxx --disable-__cxa_atexit --disable-libquadmath --disable-decimal-float -with-pkgversion='eCos GNU Tools 4.6.3-20120623' --with-bugurl=http://bugs.ecos.sourceware.org/
Thread model: single
gcc version 4.6.3 (eCos GNU Tools 4.6.3-20120623) 
COMPILER_PATH=/opt/ecos/gnutools/arm-eabi/libexec/gcc/arm-eabi/4.6.3/:/opt/ecos/gnutools/arm-eabi/libexec/gcc/arm-eabi/4.6.3/:/opt/ecos/gnutools/arm-eabi/libexec/gcc/arm-eabi/:/opt/ecos/gnutools/arm-eabi/lib/gcc/arm-eabi/4.6.3/:/opt/ecos/gnutools/arm-eabi/lib/gcc/arm-eabi/:/opt/ecos/gnutools/arm-eabi/lib/gcc/arm-eabi/4.6.3/../../../../arm-eabi/bin/
LIBRARY_PATH=/opt/ecos/gnutools/arm-eabi/lib/gcc/arm-eabi/4.6.3/thumb/thumb2/:/opt/ecos/gnutools/arm-eabi/lib/gcc/arm-eabi/4.6.3/../../../../arm-eabi/lib/thumb/thumb2/:/opt/ecos/gnutools/arm-eabi/lib/gcc/arm-eabi/4.6.3/:/opt/ecos/gnutools/arm-eabi/lib/gcc/arm-eabi/4.6.3/../../../../arm-eabi/lib/
COLLECT_GCC_OPTIONS='-mcpu=cortex-m3' '-mthumb' '-nostartfiles' '-nostdlib' '-nodefaultlibs' '-I' '$(ECOS_LIBRARY_PATH)/include' '-g' '-fmessage-length=0' '-Wall' '-Wno-sign-compare' '-D' 'DEBUG' '-v' '-o' 'cmTryCompileExec449360994.elf' '-nostdlib' '-nostartfiles' '-L/home/benty/workspace/Projects/os/ecos/freescale/cortexm/k70/core_k70150/ecos/4/4_install/lib' '-T' 'target.ld'
 /opt/ecos/gnutools/arm-eabi/libexec/gcc/arm-eabi/4.6.3/collect2 -X -o cmTryCompileExec449360994.elf -L/home/benty/workspace/Projects/os/ecos/freescale/cortexm/k70/core_k70150/ecos/4/4_install/lib -L/opt/ecos/gnutools/arm-eabi/lib/gcc/arm-eabi/4.6.3/thumb/thumb2 -L/opt/ecos/gnutools/arm-eabi/lib/gcc/arm-eabi/4.6.3/../../../../arm-eabi/lib/thumb/thumb2 -L/opt/ecos/gnutools/arm-eabi/lib/gcc/arm-eabi/4.6.3 -L/opt/ecos/gnutools/arm-eabi/lib/gcc/arm-eabi/4.6.3/../../../../arm-eabi/lib -static -n CMakeFiles/cmTryCompileExec449360994.dir/CMakeCXXCompilerABI.cpp.o -T target.ld
make[1]: Leaving directory `/home/benty/workspace/Projects/ProdEAMP/1.0.x/build/Debug_EAMP/CMakeFiles/CMakeTmp'


Parsed CXX implicit link information from above output:
  link line regex: [^( *|.*[/\])(arm-eabi-ld|([^/\]+-)?ld|collect2)[^/\]*( |$)]
  ignore line: [Change Dir: /home/benty/workspace/Projects/ProdEAMP/1.0.x/build/Debug_EAMP/CMakeFiles/CMakeTmp]
  ignore line: []
  ignore line: [Run Build Command:"/usr/bin/make" "cmTryCompileExec449360994/fast"]
  ignore line: [/usr/bin/make -f CMakeFiles/cmTryCompileExec449360994.dir/build.make CMakeFiles/cmTryCompileExec449360994.dir/build]
  ignore line: [make[1]: Entering directory `/home/benty/workspace/Projects/ProdEAMP/1.0.x/build/Debug_EAMP/CMakeFiles/CMakeTmp']
  ignore line: [/usr/local/bin/cmake -E cmake_progress_report /home/benty/workspace/Projects/ProdEAMP/1.0.x/build/Debug_EAMP/CMakeFiles/CMakeTmp/CMakeFiles 1]
  ignore line: [Building CXX object CMakeFiles/cmTryCompileExec449360994.dir/CMakeCXXCompilerABI.cpp.o]
  ignore line: [/opt/ecos/gnutools/arm-eabi/bin/arm-eabi-g++   -D__ECOS=1 -D__ECOS__=1 -mcpu=cortex-m3 -mthumb -nostartfiles -nostdlib  -nodefaultlibs -I/include -Wl,-static -Wl,-n -g   -fmessage-length=0 -Wall -Wno-sign-compare   -DDEBUG  -I/home/benty/workspace/Projects/os/ecos/freescale/cortexm/k70/core_k70150/ecos/4/4_install/include    -o CMakeFiles/cmTryCompileExec449360994.dir/CMakeCXXCompilerABI.cpp.o -c /usr/local/share/cmake-3.1/Modules/CMakeCXXCompilerABI.cpp]
  ignore line: [Linking CXX executable cmTryCompileExec449360994.elf]
  ignore line: [/usr/local/bin/cmake -E cmake_link_script CMakeFiles/cmTryCompileExec449360994.dir/link.txt --verbose=1]
  ignore line: [/opt/ecos/gnutools/arm-eabi/bin/arm-eabi-g++   -mcpu=cortex-m3 -mthumb -nostartfiles -nostdlib  -nodefaultlibs -I$(ECOS_LIBRARY_PATH)/include -Wl,-static -Wl,-n -g   -fmessage-length=0 -Wall -Wno-sign-compare   -DDEBUG   -v CMakeFiles/cmTryCompileExec449360994.dir/CMakeCXXCompilerABI.cpp.o -o cmTryCompileExec449360994.elf -nostdlib -nostartfiles -L/home/benty/workspace/Projects/os/ecos/freescale/cortexm/k70/core_k70150/ecos/4/4_install/lib -Ttarget.ld    ]
  ignore line: [Using built-in specs.]
  ignore line: [COLLECT_GCC=/opt/ecos/gnutools/arm-eabi/bin/arm-eabi-g++]
  ignore line: [COLLECT_LTO_WRAPPER=/opt/ecos/gnutools/arm-eabi/libexec/gcc/arm-eabi/4.6.3/lto-wrapper]
  ignore line: [Target: arm-eabi]
  ignore line: [Configured with: ../../../../src/gcc-4.6.3/configure --target=arm-eabi --with-cpu=arm7tdmi --prefix=/opt/ecos/gnutools/arm-eabi --with-newlib --with-gnu-as --with-gnu-ld --with-gmp=/opt/gmp-4.3.2 --with-mpfr=/opt/mpfr-2.4.2 --with-mpc=/opt/mpc-0.8.2 --enable-languages=c,c++ --enable-threads --disable-hosted-libstdcxx --disable-__cxa_atexit --disable-libquadmath --disable-decimal-float -with-pkgversion='eCos GNU Tools 4.6.3-20120623' --with-bugurl=http://bugs.ecos.sourceware.org/]
  ignore line: [Thread model: single]
  ignore line: [gcc version 4.6.3 (eCos GNU Tools 4.6.3-20120623) ]
  ignore line: [COMPILER_PATH=/opt/ecos/gnutools/arm-eabi/libexec/gcc/arm-eabi/4.6.3/:/opt/ecos/gnutools/arm-eabi/libexec/gcc/arm-eabi/4.6.3/:/opt/ecos/gnutools/arm-eabi/libexec/gcc/arm-eabi/:/opt/ecos/gnutools/arm-eabi/lib/gcc/arm-eabi/4.6.3/:/opt/ecos/gnutools/arm-eabi/lib/gcc/arm-eabi/:/opt/ecos/gnutools/arm-eabi/lib/gcc/arm-eabi/4.6.3/../../../../arm-eabi/bin/]
  ignore line: [LIBRARY_PATH=/opt/ecos/gnutools/arm-eabi/lib/gcc/arm-eabi/4.6.3/thumb/thumb2/:/opt/ecos/gnutools/arm-eabi/lib/gcc/arm-eabi/4.6.3/../../../../arm-eabi/lib/thumb/thumb2/:/opt/ecos/gnutools/arm-eabi/lib/gcc/arm-eabi/4.6.3/:/opt/ecos/gnutools/arm-eabi/lib/gcc/arm-eabi/4.6.3/../../../../arm-eabi/lib/]
  ignore line: [COLLECT_GCC_OPTIONS='-mcpu=cortex-m3' '-mthumb' '-nostartfiles' '-nostdlib' '-nodefaultlibs' '-I' '$(ECOS_LIBRARY_PATH)/include' '-g' '-fmessage-length=0' '-Wall' '-Wno-sign-compare' '-D' 'DEBUG' '-v' '-o' 'cmTryCompileExec449360994.elf' '-nostdlib' '-nostartfiles' '-L/home/benty/workspace/Projects/os/ecos/freescale/cortexm/k70/core_k70150/ecos/4/4_install/lib' '-T' 'target.ld']
  link line: [ /opt/ecos/gnutools/arm-eabi/libexec/gcc/arm-eabi/4.6.3/collect2 -X -o cmTryCompileExec449360994.elf -L/home/benty/workspace/Projects/os/ecos/freescale/cortexm/k70/core_k70150/ecos/4/4_install/lib -L/opt/ecos/gnutools/arm-eabi/lib/gcc/arm-eabi/4.6.3/thumb/thumb2 -L/opt/ecos/gnutools/arm-eabi/lib/gcc/arm-eabi/4.6.3/../../../../arm-eabi/lib/thumb/thumb2 -L/opt/ecos/gnutools/arm-eabi/lib/gcc/arm-eabi/4.6.3 -L/opt/ecos/gnutools/arm-eabi/lib/gcc/arm-eabi/4.6.3/../../../../arm-eabi/lib -static -n CMakeFiles/cmTryCompileExec449360994.dir/CMakeCXXCompilerABI.cpp.o -T target.ld]
    arg [/opt/ecos/gnutools/arm-eabi/libexec/gcc/arm-eabi/4.6.3/collect2] ==> ignore
    arg [-X] ==> ignore
    arg [-o] ==> ignore
    arg [cmTryCompileExec449360994.elf] ==> ignore
    arg [-L/home/benty/workspace/Projects/os/ecos/freescale/cortexm/k70/core_k70150/ecos/4/4_install/lib] ==> dir [/home/benty/workspace/Projects/os/ecos/freescale/cortexm/k70/core_k70150/ecos/4/4_install/lib]
    arg [-L/opt/ecos/gnutools/arm-eabi/lib/gcc/arm-eabi/4.6.3/thumb/thumb2] ==> dir [/opt/ecos/gnutools/arm-eabi/lib/gcc/arm-eabi/4.6.3/thumb/thumb2]
    arg [-L/opt/ecos/gnutools/arm-eabi/lib/gcc/arm-eabi/4.6.3/../../../../arm-eabi/lib/thumb/thumb2] ==> dir [/opt/ecos/gnutools/arm-eabi/lib/gcc/arm-eabi/4.6.3/../../../../arm-eabi/lib/thumb/thumb2]
    arg [-L/opt/ecos/gnutools/arm-eabi/lib/gcc/arm-eabi/4.6.3] ==> dir [/opt/ecos/gnutools/arm-eabi/lib/gcc/arm-eabi/4.6.3]
    arg [-L/opt/ecos/gnutools/arm-eabi/lib/gcc/arm-eabi/4.6.3/../../../../arm-eabi/lib] ==> dir [/opt/ecos/gnutools/arm-eabi/lib/gcc/arm-eabi/4.6.3/../../../../arm-eabi/lib]
    arg [-static] ==> ignore
    arg [-n] ==> ignore
    arg [CMakeFiles/cmTryCompileExec449360994.dir/CMakeCXXCompilerABI.cpp.o] ==> ignore
    arg [-T] ==> ignore
    arg [target.ld] ==> ignore
  collapse library dir [/home/benty/workspace/Projects/os/ecos/freescale/cortexm/k70/core_k70150/ecos/4/4_install/lib] ==> [/home/benty/workspace/Projects/os/ecos/freescale/cortexm/k70/core_k70150/ecos/4/4_install/lib]
  collapse library dir [/opt/ecos/gnutools/arm-eabi/lib/gcc/arm-eabi/4.6.3/thumb/thumb2] ==> [/opt/ecos/gnutools/arm-eabi/lib/gcc/arm-eabi/4.6.3/thumb/thumb2]
  collapse library dir [/opt/ecos/gnutools/arm-eabi/lib/gcc/arm-eabi/4.6.3/../../../../arm-eabi/lib/thumb/thumb2] ==> [/opt/ecos/gnutools/arm-eabi/arm-eabi/lib/thumb/thumb2]
  collapse library dir [/opt/ecos/gnutools/arm-eabi/lib/gcc/arm-eabi/4.6.3] ==> [/opt/ecos/gnutools/arm-eabi/lib/gcc/arm-eabi/4.6.3]
  collapse library dir [/opt/ecos/gnutools/arm-eabi/lib/gcc/arm-eabi/4.6.3/../../../../arm-eabi/lib] ==> [/opt/ecos/gnutools/arm-eabi/arm-eabi/lib]
  implicit libs: []
  implicit dirs: [/home/benty/workspace/Projects/os/ecos/freescale/cortexm/k70/core_k70150/ecos/4/4_install/lib;/opt/ecos/gnutools/arm-eabi/lib/gcc/arm-eabi/4.6.3/thumb/thumb2;/opt/ecos/gnutools/arm-eabi/arm-eabi/lib/thumb/thumb2;/opt/ecos/gnutools/arm-eabi/lib/gcc/arm-eabi/4.6.3;/opt/ecos/gnutools/arm-eabi/arm-eabi/lib]
  implicit fwks: []


